<?xml version="1.0" encoding="UTF-8"?>
<!-- Generated by org.testng.reporters.JUnitReportReporter -->
<testsuite hostname="HP" failures="0" tests="1" name="Learningparameters" time="0.076" errors="0" timestamp="2020-06-11T21:19:46 IST" skipped="0">
  <testcase classname="Learningparameters" name="login" time="0.076"/>
  <system-out/>
</testsuite> <!-- Learningparameters -->
