<?xml version="1.0" encoding="UTF-8"?>
<!-- Generated by org.testng.reporters.JUnitReportReporter -->
<testsuite hostname="HP" failures="0" tests="1" name="Testng2" time="0.044" errors="0" timestamp="2020-06-11T10:17:23 IST" skipped="0">
  <testcase classname="Testng2" name="insidetest3" time="0.044"/>
  <system-out/>
</testsuite> <!-- Testng2 -->
