<?xml version="1.0" encoding="UTF-8"?>
<!-- Generated by org.testng.reporters.JUnitReportReporter -->
<testsuite hostname="HP" failures="0" tests="3" name="Learningdataproviders" time="0.032" errors="0" timestamp="2020-06-12T21:09:23 IST" skipped="0">
  <testcase classname="Learningdataproviders" name="registeruser" time="0.004"/>
  <system-out/>
  <testcase classname="Learningdataproviders" name="registeruser" time="0.009"/>
  <system-out/>
  <testcase classname="Learningdataproviders" name="registeruser" time="0.019"/>
  <system-out/>
</testsuite> <!-- Learningdataproviders -->
