<?xml version="1.0" encoding="UTF-8"?>
<!-- Generated by org.testng.reporters.JUnitReportReporter -->
<testsuite hostname="HP" failures="0" tests="1" name="Grouping" time="0.045" errors="0" timestamp="2020-06-13T06:01:31 IST" skipped="0">
  <testcase classname="Grouping" name="feature1" time="0.045"/>
  <system-out/>
</testsuite> <!-- Grouping -->
