<?xml version="1.0" encoding="UTF-8"?>
<!-- Generated by org.testng.reporters.JUnitReportReporter -->
<testsuite hostname="HP" failures="0" tests="3" name="Signupbatch" time="0.045" errors="0" timestamp="2020-06-11T10:17:23 IST" skipped="0">
  <testcase classname="Signupbatch" name="signuemail" time="0.017"/>
  <system-out/>
  <testcase classname="Signupbatch" name="signufb" time="0.018"/>
  <system-out/>
  <testcase classname="Signupbatch" name="signu" time="0.010"/>
  <system-out/>
</testsuite> <!-- Signupbatch -->
