<?xml version="1.0" encoding="UTF-8"?>
<!-- Generated by org.testng.reporters.JUnitReportReporter -->
<testsuite hostname="HP" failures="0" tests="2" name="Testng1" time="0.050" errors="0" timestamp="2020-06-11T10:17:23 IST" skipped="0">
  <testcase classname="Testng1" name="firsttestcase" time="0.032"/>
  <system-out/>
  <testcase classname="Testng1" name="secondtestcase" time="0.018"/>
  <system-out/>
</testsuite> <!-- Testng1 -->
